

Microchip Technology PIC LITE Macro Assembler V1.34 build -361300703 
                                                                                               Wed Apr 19 12:25:59 2017

Microchip Technology Omniscient Code Generator (Lite mode) build 201502162209
     1                           	processor	12F629
     2                           	opt	pw 120
     3                           	opt	lm
     4                           	psect	maintext,global,class=CODE,split=1,delta=2
     5                           	psect	cinit,global,class=CODE,merge=1,delta=2
     6                           	psect	cstackBANK0,global,class=BANK0,space=1,delta=1
     7                           	dabs	1,0x5E,2
     8  0000                     	;# 
     9  0001                     	;# 
    10  0002                     	;# 
    11  0003                     	;# 
    12  0004                     	;# 
    13  0005                     	;# 
    14  000A                     	;# 
    15  000B                     	;# 
    16  000C                     	;# 
    17  000E                     	;# 
    18  000E                     	;# 
    19  000F                     	;# 
    20  0010                     	;# 
    21  0019                     	;# 
    22  0081                     	;# 
    23  0085                     	;# 
    24  008C                     	;# 
    25  008E                     	;# 
    26  0090                     	;# 
    27  0095                     	;# 
    28  0096                     	;# 
    29  0096                     	;# 
    30  0099                     	;# 
    31  009A                     	;# 
    32  009A                     	;# 
    33  009B                     	;# 
    34  009C                     	;# 
    35  009D                     	;# 
    36  0005                     _GPIO	set	5
    37  002A                     _GPIO2	set	42
    38  002C                     _GPIO4	set	44
    39  0085                     _TRISIO	set	133
    40                           
    41                           	psect	maintext
    42  03AF                     __pmaintext:	
    43                           ; #config settings
    44                           
    45                           
    46                           ;psect for function _main
    47  0000                     
    48 ;;
    49 ;;Main: autosize = 0, tempsize = 3, incstack = 0, save=0
    50 ;;
    51 ;; *************** function _main *****************
    52 ;; Defined at:
    53 ;;		line 6 in file "src/main.c"
    54 ;; Parameters:    Size  Location     Type
    55 ;;		None
    56 ;; Auto vars:     Size  Location     Type
    57 ;;		None
    58 ;; Return value:  Size  Location     Type
    59 ;;		None               void
    60 ;; Registers used:
    61 ;;		wreg, status,2
    62 ;; Tracked objects:
    63 ;;		On entry : B00/0
    64 ;;		On exit  : 0/0
    65 ;;		Unchanged: 0/0
    66 ;; Data sizes:     COMMON   BANK0
    67 ;;      Params:         0       0
    68 ;;      Locals:         0       0
    69 ;;      Temps:          0       3
    70 ;;      Totals:         0       3
    71 ;;Total ram usage:        3 bytes
    72 ;; This function calls:
    73 ;;		Nothing
    74 ;; This function is called by:
    75 ;;		Startup code after reset
    76 ;; This function uses a non-reentrant model
    77 ;;
    78  03AF                     _main:	
    79                           
    80                           ;main.c: 9: TRISIO = 0;
    81                           
    82                           ;incstack = 0
    83                           ; Regs used in _main: [wreg+status,2]
    84  03AF  1683               	bsf	3,5	;RP0=1, select bank1
    85  03B0  0185               	clrf	5	;volatile
    86                           
    87                           ;main.c: 10: GPIO = 0;
    88  03B1  1283               	bcf	3,5	;RP0=0, select bank0
    89  03B2  0185               	clrf	5	;volatile
    90                           
    91                           ;main.c: 11: _delay((unsigned long)((300)*(4000000/4000.0)));
    92  03B3  3002               	movlw	2
    93  03B4  00A2               	movwf	??_main+2
    94  03B5  3086               	movlw	134
    95  03B6  00A1               	movwf	??_main+1
    96  03B7  3099               	movlw	153
    97  03B8  00A0               	movwf	??_main
    98  03B9                     u17:	
    99  03B9  0BA0               	decfsz	??_main,f
   100  03BA  2BB9               	goto	u17
   101  03BB  0BA1               	decfsz	??_main+1,f
   102  03BC  2BB9               	goto	u17
   103  03BD  0BA2               	decfsz	??_main+2,f
   104  03BE  2BB9               	goto	u17
   105                           
   106                           ;main.c: 12: GPIO4 = 1;
   107  03BF  1283               	bcf	3,5	;RP0=0, select bank0
   108  03C0  1605               	bsf	5,4	;volatile
   109                           
   110                           ;main.c: 13: _delay((unsigned long)((4000)*(4000000/4000.0)));
   111  03C1  3015               	movlw	21
   112  03C2  00A2               	movwf	??_main+2
   113  03C3  304B               	movlw	75
   114  03C4  00A1               	movwf	??_main+1
   115  03C5  30D1               	movlw	209
   116  03C6  00A0               	movwf	??_main
   117  03C7                     u27:	
   118  03C7  0BA0               	decfsz	??_main,f
   119  03C8  2BC7               	goto	u27
   120  03C9  0BA1               	decfsz	??_main+1,f
   121  03CA  2BC7               	goto	u27
   122  03CB  0BA2               	decfsz	??_main+2,f
   123  03CC  2BC7               	goto	u27
   124  03CD  0000               	nop
   125                           
   126                           ;main.c: 14: GPIO4 = 0;
   127  03CE  1283               	bcf	3,5	;RP0=0, select bank0
   128  03CF  1205               	bcf	5,4	;volatile
   129                           
   130                           ;main.c: 15: _delay((unsigned long)((1000)*(4000000/4000.0)));
   131  03D0  3006               	movlw	6
   132  03D1  00A2               	movwf	??_main+2
   133  03D2  3013               	movlw	19
   134  03D3  00A1               	movwf	??_main+1
   135  03D4  30B1               	movlw	177
   136  03D5  00A0               	movwf	??_main
   137  03D6                     u37:	
   138  03D6  0BA0               	decfsz	??_main,f
   139  03D7  2BD6               	goto	u37
   140  03D8  0BA1               	decfsz	??_main+1,f
   141  03D9  2BD6               	goto	u37
   142  03DA  0BA2               	decfsz	??_main+2,f
   143  03DB  2BD6               	goto	u37
   144  03DC  2BDD               	nop2
   145  03DD                     l508:	
   146                           ;main.c: 16: while(1)
   147                           
   148                           
   149                           ;main.c: 17: {
   150                           ;main.c: 18: _delay((unsigned long)((1000)*(4000000/4000.0)));
   151  03DD  3006               	movlw	6
   152  03DE  1283               	bcf	3,5	;RP0=0, select bank0
   153  03DF  00A2               	movwf	??_main+2
   154  03E0  3013               	movlw	19
   155  03E1  00A1               	movwf	??_main+1
   156  03E2  30B1               	movlw	177
   157  03E3  00A0               	movwf	??_main
   158  03E4                     u47:	
   159  03E4  0BA0               	decfsz	??_main,f
   160  03E5  2BE4               	goto	u47
   161  03E6  0BA1               	decfsz	??_main+1,f
   162  03E7  2BE4               	goto	u47
   163  03E8  0BA2               	decfsz	??_main+2,f
   164  03E9  2BE4               	goto	u47
   165  03EA  2BEB               	nop2
   166                           
   167                           ;main.c: 19: GPIO2 = 1;
   168  03EB  1283               	bcf	3,5	;RP0=0, select bank0
   169  03EC  1505               	bsf	5,2	;volatile
   170                           
   171                           ;main.c: 20: _delay((unsigned long)((1000)*(4000000/4000.0)));
   172  03ED  3006               	movlw	6
   173  03EE  00A2               	movwf	??_main+2
   174  03EF  3013               	movlw	19
   175  03F0  00A1               	movwf	??_main+1
   176  03F1  30B1               	movlw	177
   177  03F2  00A0               	movwf	??_main
   178  03F3                     u57:	
   179  03F3  0BA0               	decfsz	??_main,f
   180  03F4  2BF3               	goto	u57
   181  03F5  0BA1               	decfsz	??_main+1,f
   182  03F6  2BF3               	goto	u57
   183  03F7  0BA2               	decfsz	??_main+2,f
   184  03F8  2BF3               	goto	u57
   185  03F9  2BFA               	nop2
   186                           
   187                           ;main.c: 21: GPIO2 = 0;
   188  03FA  1283               	bcf	3,5	;RP0=0, select bank0
   189  03FB  1105               	bcf	5,2	;volatile
   190  03FC  2BDD               	goto	l508
   191  03FD                     __end_of_main:	
   192  005E                     btemp	set	94	;btemp
   193  005E                     wtemp	set	94
   194  005E                     wtemp0	set	94
   195  0060                     wtemp1	set	96
   196  0062                     wtemp2	set	98
   197  0064                     wtemp3	set	100
   198  0066                     wtemp4	set	102
   199  0068                     wtemp5	set	104
   200  005F                     wtemp6	set	95
   201  005E                     ttemp	set	94
   202  005E                     ttemp0	set	94
   203  0061                     ttemp1	set	97
   204  0064                     ttemp2	set	100
   205  0067                     ttemp3	set	103
   206  005F                     ttemp4	set	95
   207  005E                     ltemp	set	94
   208  005E                     ltemp0	set	94
   209  0062                     ltemp1	set	98
   210  0066                     ltemp2	set	102
   211  0060                     ltemp3	set	96
   212                           
   213                           	psect	cinit
   214  03FD                     start_initialization:	
   215  03FD                     __initialization:	
   216  03FD                     end_of_initialization:	
   217                           ;End of C runtime variable initialization code
   218                           
   219  03FD                     __end_of__initialization:	
   220  03FD  0183               	clrf	3
   221  03FE  2BAF               	ljmp	_main	;jump to C main() function
   222                           
   223                           	psect	cstackBANK0
   224  0020                     __pcstackBANK0:	
   225  0020                     ?_main:	
   226  0020                     ??_main:	
   227                           ; 0 bytes @ 0x0
   228                           
   229                           
   230                           ; 0 bytes @ 0x0
   231  0020                     	ds	3


Data Sizes:
    Strings     0
    Constant    0
    Data        0
    BSS         0
    Persistent  0
    Stack       0

Auto Spaces:
    Space          Size  Autos    Used
    COMMON            0      0       0
    BANK0            62      3       3

Pointer List with Targets:

    None.

Critical Paths under _main in COMMON

    None.

Critical Paths under _main in BANK0

    None.

Call Graph Tables:

 ---------------------------------------------------------------------------------
 (Depth) Function   	        Calls       Base Space   Used Autos Params    Refs
 ---------------------------------------------------------------------------------
 (0) _main                                                 3     3      0       0
                                              0 BANK0      3     3      0
 ---------------------------------------------------------------------------------
 Estimated maximum stack depth 0
 ---------------------------------------------------------------------------------

 Call Graph Graphs:

 _main (ROOT)

 Address spaces:
Name               Size   Autos  Total    Cost      Usage
BITCOMMON            0      0       0       0        0.0%
EEDATA              80      0       0       0        0.0%
NULL                 0      0       0       0        0.0%
CODE                 0      0       0       0        0.0%
BITSFR0              0      0       0       1        0.0%
SFR0                 0      0       0       1        0.0%
COMMON               0      0       0       1        0.0%
BITSFR1              0      0       0       2        0.0%
SFR1                 0      0       0       2        0.0%
STACK                0      0       0       2        0.0%
BITBANK0            3E      0       0       3        0.0%
BANK0               3E      3       3       4        4.8%
ABS                  0      0       0       5        0.0%
DATA                 0      0       0       6        0.0%


Microchip Technology PIC Macro Assembler V1.34 build -361300703 
Symbol Table                                                                                   Wed Apr 19 12:25:59 2017

            __CFG_CP$OFF 0000                       u17 03B9                       u27 03C7  
                     u37 03D6                       u47 03E4                       u57 03F3  
                    l508 03DD             __CFG_CPD$OFF 0000                     _GPIO 0005  
                   _main 03AF                     btemp 005E            __CFG_BOREN$ON 0000  
                   ltemp 005E                     start 0000                     ttemp 005E  
                   wtemp 005E                    ?_main 0020            __CFG_WDTE$OFF 0000  
                  _GPIO2 002A                    _GPIO4 002C                    ltemp0 005E  
                  ltemp1 0062                    ltemp2 0066                    ltemp3 0060  
                  ttemp0 005E                    ttemp1 0061                    ttemp2 0064  
                  ttemp3 0067                    ttemp4 005F                    status 0003  
                  wtemp0 005E                    wtemp1 0060                    wtemp2 0062  
                  wtemp3 0064                    wtemp4 0066                    wtemp5 0068  
                  wtemp6 005F           __CFG_MCLRE$OFF 0000          __initialization 03FD  
           __end_of_main 03FD                   ??_main 0020                   _TRISIO 0085  
         __CFG_PWRTE$OFF 0000  __end_of__initialization 03FD               __pmaintext 03AF  
   end_of_initialization 03FD      start_initialization 03FD                ___latbits 0000  
          __pcstackBANK0 0020            __size_of_main 004E        __CFG_FOSC$INTRCIO 0000  
